<?xml version="1.0" encoding="UTF-8"?>
<!-- Generated by org.testng.reporters.JUnitReportReporter -->
<testsuite skipped="0" hostname="SLW1486" name="com.travels.testclass.HotelSearch" tests="1" failures="0" timestamp="27 Sep 2017 13:39:13 GMT" time="123.141" errors="0">
  <testcase name="PHPTravelsSearch" time="123.141" classname="com.travels.testclass.HotelSearch"/>
</testsuite> <!-- com.travels.testclass.HotelSearch -->
